19:56:56.404 [main] INFO  testcases.Tc_001_logopresence - ***Tc_001_logopresence starting
19:56:56.564 [main] INFO  testcases.Tc_001_logopresence - ***verfied logo present****
19:56:56.565 [main] INFO  testcases.Tc_001_logopresence - Tc_001_logopresence finished
20:00:43.058 [main] INFO  testcases.Tc_001_logopresence - ***Tc_001_logopresence starting
20:00:43.235 [main] INFO  testcases.Tc_001_logopresence - ***verfied logo present****
20:00:43.236 [main] INFO  testcases.Tc_001_logopresence - Tc_001_logopresence finished
20:04:48.349 [main] INFO  testcases.Tc_001_logopresence - ***Tc_001_logopresence starting
20:04:48.531 [main] INFO  testcases.Tc_001_logopresence - ***verfied logo present****
20:04:48.531 [main] INFO  testcases.Tc_001_logopresence - Tc_001_logopresence finished
20:06:40.914 [main] INFO  testcases.Tc_001_logopresence - ***Tc_001_logopresence starting
20:06:41.086 [main] INFO  testcases.Tc_001_logopresence - ***verfied logo present****
20:06:41.086 [main] INFO  testcases.Tc_001_logopresence - Tc_001_logopresence finished
20:06:58.632 [main] INFO  testcases.Tc_001_logopresence - ***Tc_001_logopresence starting
20:06:58.725 [main] INFO  testcases.Tc_001_logopresence - ***verfied logo present****
20:06:58.725 [main] INFO  testcases.Tc_001_logopresence - Tc_001_logopresence finished
20:08:09.004 [TestNG-tests-1] INFO  testcases.Tc_001_logopresence - ***Tc_001_logopresence starting
20:08:17.389 [TestNG-tests-2] INFO  testcases.Tc_001_logopresence - ***Tc_001_logopresence starting
20:08:17.428 [TestNG-tests-1] INFO  testcases.Tc_001_logopresence - ***verfied logo present****
20:08:17.429 [TestNG-tests-1] INFO  testcases.Tc_001_logopresence - Tc_001_logopresence finished
20:08:17.476 [TestNG-tests-2] INFO  testcases.Tc_001_logopresence - ***verfied logo present****
20:08:17.476 [TestNG-tests-2] INFO  testcases.Tc_001_logopresence - Tc_001_logopresence finished
20:31:19.188 [main] INFO  testcases.Tc_001_logopresence - ***Tc_001_logopresence starting
20:31:19.366 [main] INFO  testcases.Tc_001_logopresence - ***verfied logo present****
20:31:19.366 [main] INFO  testcases.Tc_001_logopresence - Tc_001_logopresence finished
20:31:35.516 [main] INFO  testcases.Tc_002_logintest - Tc_002_logintest starting
20:31:35.517 [main] INFO  testcases.Tc_002_logintest - passing data 
20:31:36.013 [main] INFO  testcases.Tc_002_logintest - clicked to login butn
20:32:36.997 [main] INFO  testcases.Tc_001_logopresence - ***Tc_001_logopresence starting
20:32:37.166 [main] INFO  testcases.Tc_001_logopresence - ***verfied logo present****
20:32:37.167 [main] INFO  testcases.Tc_001_logopresence - Tc_001_logopresence finished
20:32:58.185 [main] INFO  testcases.Tc_002_logintest - Tc_002_logintest starting
20:32:58.186 [main] INFO  testcases.Tc_002_logintest - passing data 
20:32:58.672 [main] INFO  testcases.Tc_002_logintest - clicked to login butn
20:35:23.016 [main] INFO  testcases.Tc_001_logopresence - ***Tc_001_logopresence starting
20:35:23.188 [main] INFO  testcases.Tc_001_logopresence - ***verfied logo present****
20:35:23.188 [main] INFO  testcases.Tc_001_logopresence - Tc_001_logopresence finished
20:35:40.842 [main] INFO  testcases.Tc_002_logintest - Tc_002_logintest starting
20:35:40.843 [main] INFO  testcases.Tc_002_logintest - passing data 
20:35:41.274 [main] INFO  testcases.Tc_002_logintest - clicked to login butn
20:35:49.185 [main] INFO  testcases.Tc_002_logintest - *** verified texts
20:35:49.185 [main] INFO  testcases.Tc_002_logintest - Tc_002_logintest finished
20:43:40.929 [main] INFO  testcases.Tc_001_logopresence - ***Tc_001_logopresence starting
20:43:41.090 [main] INFO  testcases.Tc_001_logopresence - ***verfied logo present****
20:43:41.090 [main] INFO  testcases.Tc_001_logopresence - Tc_001_logopresence finished
20:44:24.446 [main] INFO  testcases.Tc_002_logintest - Tc_002_logintest starting
20:44:24.446 [main] INFO  testcases.Tc_002_logintest - passing data 
20:44:25.031 [main] INFO  testcases.Tc_002_logintest - clicked to login butn
20:44:40.790 [main] INFO  testcases.Tc_002_logintest - *** verified texts
20:44:40.790 [main] INFO  testcases.Tc_002_logintest - Tc_002_logintest finished
20:45:53.530 [TestNG-tests-2] INFO  testcases.Tc_001_logopresence - ***Tc_001_logopresence starting
20:45:53.729 [TestNG-tests-2] INFO  testcases.Tc_001_logopresence - ***verfied logo present****
20:45:53.729 [TestNG-tests-2] INFO  testcases.Tc_001_logopresence - Tc_001_logopresence finished
20:47:27.902 [TestNG-tests-2] INFO  testcases.Tc_001_logopresence - ***Tc_001_logopresence starting
20:47:27.902 [TestNG-tests-1] INFO  testcases.Tc_001_logopresence - ***Tc_001_logopresence starting
20:47:29.182 [TestNG-tests-1] INFO  testcases.Tc_001_logopresence - ***verfied logo present****
20:47:29.182 [TestNG-tests-1] INFO  testcases.Tc_001_logopresence - Tc_001_logopresence finished
20:47:29.194 [TestNG-tests-2] INFO  testcases.Tc_001_logopresence - ***verfied logo present****
20:47:29.194 [TestNG-tests-2] INFO  testcases.Tc_001_logopresence - Tc_001_logopresence finished
20:48:33.591 [TestNG-tests-2] INFO  testcases.Tc_001_logopresence - ***Tc_001_logopresence starting
20:48:33.663 [TestNG-tests-1] INFO  testcases.Tc_001_logopresence - ***Tc_001_logopresence starting
20:48:33.786 [TestNG-tests-2] INFO  testcases.Tc_001_logopresence - ***verfied logo present****
20:48:33.786 [TestNG-tests-2] INFO  testcases.Tc_001_logopresence - Tc_001_logopresence finished
20:48:33.802 [TestNG-tests-1] INFO  testcases.Tc_001_logopresence - ***verfied logo present****
20:48:33.802 [TestNG-tests-1] INFO  testcases.Tc_001_logopresence - Tc_001_logopresence finished
20:50:41.402 [TestNG-tests-2] INFO  testcases.Tc_001_logopresence - ***Tc_001_logopresence starting
20:50:41.402 [TestNG-tests-1] INFO  testcases.Tc_001_logopresence - ***Tc_001_logopresence starting
20:50:41.602 [TestNG-tests-2] INFO  testcases.Tc_001_logopresence - ***verfied logo present****
20:50:41.602 [TestNG-tests-2] INFO  testcases.Tc_001_logopresence - Tc_001_logopresence finished
20:50:41.619 [TestNG-tests-1] INFO  testcases.Tc_001_logopresence - ***verfied logo present****
20:50:41.619 [TestNG-tests-1] INFO  testcases.Tc_001_logopresence - Tc_001_logopresence finished
20:51:51.163 [main] INFO  testcases.Tc_001_logopresence - ***Tc_001_logopresence starting
20:51:51.339 [main] INFO  testcases.Tc_001_logopresence - ***verfied logo present****
20:51:51.340 [main] INFO  testcases.Tc_001_logopresence - Tc_001_logopresence finished
20:52:07.125 [main] INFO  testcases.Tc_001_logopresence - ***Tc_001_logopresence starting
20:52:07.214 [main] INFO  testcases.Tc_001_logopresence - ***verfied logo present****
20:52:07.214 [main] INFO  testcases.Tc_001_logopresence - Tc_001_logopresence finished
11:52:39.786 [main] INFO  testcases.Tc_001_logopresence - ***Tc_001_logopresence starting
11:52:39.967 [main] INFO  testcases.Tc_001_logopresence - ***verfied logo present****
11:52:39.968 [main] INFO  testcases.Tc_001_logopresence - Tc_001_logopresence finished
11:52:58.541 [main] INFO  testcases.Tc_002_logintest - Tc_002_logintest starting
11:52:58.542 [main] INFO  testcases.Tc_002_logintest - passing data 
11:52:59.092 [main] INFO  testcases.Tc_002_logintest - clicked to login butn
11:53:08.411 [main] INFO  testcases.Tc_002_logintest - *** verified texts
11:53:08.411 [main] INFO  testcases.Tc_002_logintest - Tc_002_logintest finished
11:53:26.713 [main] INFO  testcases.TC_003_Resetpwdtest - ****TC_003_Resetpwdtest starting
11:53:36.801 [main] ERROR testcases.TC_003_Resetpwdtest - ***test failed***
11:55:35.321 [main] INFO  testcases.Tc_001_logopresence - ***Tc_001_logopresence starting
11:55:35.485 [main] INFO  testcases.Tc_001_logopresence - ***verfied logo present****
11:55:35.486 [main] INFO  testcases.Tc_001_logopresence - Tc_001_logopresence finished
11:55:49.965 [main] INFO  testcases.Tc_002_logintest - Tc_002_logintest starting
11:55:49.966 [main] INFO  testcases.Tc_002_logintest - passing data 
11:55:51.037 [main] INFO  testcases.Tc_002_logintest - clicked to login butn
11:56:08.102 [main] INFO  testcases.Tc_002_logintest - *** verified texts
11:56:08.102 [main] INFO  testcases.Tc_002_logintest - Tc_002_logintest finished
11:56:23.104 [main] INFO  testcases.TC_003_Resetpwdtest - ****TC_003_Resetpwdtest starting
11:56:23.231 [main] INFO  testcases.TC_003_Resetpwdtest - ***clicked to resetbtn
11:56:23.298 [main] INFO  testcases.TC_003_Resetpwdtest - ***verified title***
11:56:23.298 [main] INFO  testcases.TC_003_Resetpwdtest - ****TC_003_Resetpwdtest finihed****
12:04:53.251 [main] INFO  testcases.Tc_001_logopresence - ***Tc_001_logopresence starting
12:04:53.431 [main] INFO  testcases.Tc_001_logopresence - ***verfied logo present****
12:04:53.432 [main] INFO  testcases.Tc_001_logopresence - Tc_001_logopresence finished
12:05:06.248 [main] INFO  testcases.Tc_002_logintest - Tc_002_logintest starting
12:05:06.249 [main] INFO  testcases.Tc_002_logintest - passing data 
12:05:06.739 [main] INFO  testcases.Tc_002_logintest - clicked to login butn
12:05:13.311 [main] INFO  testcases.Tc_002_logintest - *** verified texts
12:05:13.311 [main] INFO  testcases.Tc_002_logintest - Tc_002_logintest finished
12:05:28.330 [main] INFO  testcases.TC_003_Resetpwdtest - ****TC_003_Resetpwdtest starting
12:05:28.504 [main] INFO  testcases.TC_003_Resetpwdtest - ***clicked to resetbtn
12:05:28.573 [main] INFO  testcases.TC_003_Resetpwdtest - ***verified title***
12:05:28.662 [main] INFO  testcases.TC_003_Resetpwdtest - clicked to send email btn
12:11:15.372 [main] INFO  testcases.Tc_001_logopresence - ***Tc_001_logopresence starting
12:11:15.570 [main] INFO  testcases.Tc_001_logopresence - ***verfied logo present****
12:11:15.570 [main] INFO  testcases.Tc_001_logopresence - Tc_001_logopresence finished
12:11:41.342 [main] INFO  testcases.Tc_002_logintest - Tc_002_logintest starting
12:11:41.342 [main] INFO  testcases.Tc_002_logintest - passing data 
12:11:41.845 [main] INFO  testcases.Tc_002_logintest - clicked to login butn
12:11:49.273 [main] INFO  testcases.Tc_002_logintest - *** verified texts
12:11:49.273 [main] INFO  testcases.Tc_002_logintest - Tc_002_logintest finished
12:12:13.205 [main] INFO  testcases.TC_003_Resetpwdtest - ****TC_003_Resetpwdtest starting
12:12:13.345 [main] INFO  testcases.TC_003_Resetpwdtest - ***clicked to resetbtn
12:12:13.400 [main] INFO  testcases.TC_003_Resetpwdtest - ***verified title***
12:12:13.400 [main] INFO  testcases.TC_003_Resetpwdtest - ***passing value***
12:12:14.282 [main] INFO  testcases.TC_003_Resetpwdtest - clicked to send email btn
12:15:19.115 [main] INFO  testcases.Tc_001_logopresence - ***Tc_001_logopresence starting
12:15:19.277 [main] INFO  testcases.Tc_001_logopresence - ***verfied logo present****
12:15:19.277 [main] INFO  testcases.Tc_001_logopresence - Tc_001_logopresence finished
12:15:33.376 [main] INFO  testcases.Tc_002_logintest - Tc_002_logintest starting
12:15:33.377 [main] INFO  testcases.Tc_002_logintest - passing data 
12:15:34.936 [main] INFO  testcases.Tc_002_logintest - clicked to login butn
12:16:13.440 [main] INFO  testcases.TC_003_Resetpwdtest - ****TC_003_Resetpwdtest starting
12:16:13.604 [main] INFO  testcases.TC_003_Resetpwdtest - ***clicked to resetbtn
12:16:13.665 [main] INFO  testcases.TC_003_Resetpwdtest - ***verified title***
12:16:13.665 [main] INFO  testcases.TC_003_Resetpwdtest - ***passing value***
12:16:14.618 [main] INFO  testcases.TC_003_Resetpwdtest - clicked to send email btn
12:16:16.226 [main] INFO  testcases.TC_003_Resetpwdtest - ***verified texts***
12:16:16.226 [main] INFO  testcases.TC_003_Resetpwdtest - ****TC_003_Resetpwdtest finihed****
12:17:45.126 [main] INFO  testcases.Tc_001_logopresence - ***Tc_001_logopresence starting
12:17:45.320 [main] INFO  testcases.Tc_001_logopresence - ***verfied logo present****
12:17:45.320 [main] INFO  testcases.Tc_001_logopresence - Tc_001_logopresence finished
12:18:07.387 [main] INFO  testcases.Tc_002_logintest - Tc_002_logintest starting
12:18:07.388 [main] INFO  testcases.Tc_002_logintest - passing data 
12:18:07.985 [main] INFO  testcases.Tc_002_logintest - clicked to login butn
12:18:15.317 [main] INFO  testcases.Tc_002_logintest - *** verified texts
12:18:15.317 [main] INFO  testcases.Tc_002_logintest - Tc_002_logintest finished
12:18:41.897 [main] INFO  testcases.TC_003_Resetpwdtest - ****TC_003_Resetpwdtest starting
12:18:42.050 [main] INFO  testcases.TC_003_Resetpwdtest - ***clicked to resetbtn
12:18:42.113 [main] INFO  testcases.TC_003_Resetpwdtest - ***verified title***
12:18:42.113 [main] INFO  testcases.TC_003_Resetpwdtest - ***passing value***
12:18:43.029 [main] INFO  testcases.TC_003_Resetpwdtest - clicked to send email btn
12:18:44.029 [main] INFO  testcases.TC_003_Resetpwdtest - ***verified texts***
12:18:44.029 [main] INFO  testcases.TC_003_Resetpwdtest - ****TC_003_Resetpwdtest finihed****
12:39:24.101 [main] INFO  testcases.Tc_002_logintestddtdriven - Tc_002_logintest starting
12:39:24.170 [main] INFO  testcases.Tc_002_logintestddtdriven - passing data 
12:39:24.506 [main] INFO  testcases.Tc_002_logintestddtdriven - Tc_002_logintest starting
12:39:24.508 [main] INFO  testcases.Tc_002_logintestddtdriven - passing data 
12:39:24.759 [main] INFO  testcases.Tc_002_logintestddtdriven - Tc_002_logintest starting
12:39:24.760 [main] INFO  testcases.Tc_002_logintestddtdriven - passing data 
12:39:24.997 [main] INFO  testcases.Tc_002_logintestddtdriven - Tc_002_logintest starting
12:39:24.998 [main] INFO  testcases.Tc_002_logintestddtdriven - passing data 
12:39:25.240 [main] INFO  testcases.Tc_002_logintestddtdriven - Tc_002_logintest starting
12:39:25.241 [main] INFO  testcases.Tc_002_logintestddtdriven - passing data 
12:40:22.879 [main] INFO  testcases.Tc_002_logintestddtdriven - Tc_002_logintest starting
12:40:22.952 [main] INFO  testcases.Tc_002_logintestddtdriven - passing data 
12:40:23.309 [main] INFO  testcases.Tc_002_logintestddtdriven - Tc_002_logintest starting
12:40:23.310 [main] INFO  testcases.Tc_002_logintestddtdriven - passing data 
12:40:23.587 [main] INFO  testcases.Tc_002_logintestddtdriven - Tc_002_logintest starting
12:40:23.589 [main] INFO  testcases.Tc_002_logintestddtdriven - passing data 
12:40:23.839 [main] INFO  testcases.Tc_002_logintestddtdriven - Tc_002_logintest starting
12:40:23.840 [main] INFO  testcases.Tc_002_logintestddtdriven - passing data 
12:40:24.083 [main] INFO  testcases.Tc_002_logintestddtdriven - Tc_002_logintest starting
12:40:24.084 [main] INFO  testcases.Tc_002_logintestddtdriven - passing data 
12:41:46.451 [main] INFO  testcases.Tc_002_logintestddtdriven - Tc_002_logintest starting
12:41:46.520 [main] INFO  testcases.Tc_002_logintestddtdriven - passing data 
12:41:46.845 [main] INFO  testcases.Tc_002_logintestddtdriven - Tc_002_logintest starting
12:41:46.846 [main] INFO  testcases.Tc_002_logintestddtdriven - passing data 
12:41:47.095 [main] INFO  testcases.Tc_002_logintestddtdriven - Tc_002_logintest starting
12:41:47.096 [main] INFO  testcases.Tc_002_logintestddtdriven - passing data 
12:41:47.319 [main] INFO  testcases.Tc_002_logintestddtdriven - Tc_002_logintest starting
12:41:47.321 [main] INFO  testcases.Tc_002_logintestddtdriven - passing data 
12:41:47.574 [main] INFO  testcases.Tc_002_logintestddtdriven - Tc_002_logintest starting
12:41:47.575 [main] INFO  testcases.Tc_002_logintestddtdriven - passing data 
12:45:12.287 [main] INFO  testcases.Tc_002_logintestddtdriven - Tc_002_logintest starting
12:45:12.342 [main] INFO  testcases.Tc_002_logintestddtdriven - passing data 
12:45:12.649 [main] INFO  testcases.Tc_002_logintestddtdriven - Tc_002_logintest starting
12:45:12.650 [main] INFO  testcases.Tc_002_logintestddtdriven - passing data 
12:45:12.928 [main] INFO  testcases.Tc_002_logintestddtdriven - Tc_002_logintest starting
12:45:12.929 [main] INFO  testcases.Tc_002_logintestddtdriven - passing data 
12:45:13.164 [main] INFO  testcases.Tc_002_logintestddtdriven - Tc_002_logintest starting
12:45:13.165 [main] INFO  testcases.Tc_002_logintestddtdriven - passing data 
12:45:13.430 [main] INFO  testcases.Tc_002_logintestddtdriven - Tc_002_logintest starting
12:45:13.432 [main] INFO  testcases.Tc_002_logintestddtdriven - passing data 
12:47:21.976 [main] INFO  testcases.Tc_002_logintestddtdriven - Tc_002_logintest starting
12:47:22.033 [main] INFO  testcases.Tc_002_logintestddtdriven - passing data 
12:47:22.395 [main] INFO  testcases.Tc_002_logintestddtdriven - Tc_002_logintest starting
12:47:22.396 [main] INFO  testcases.Tc_002_logintestddtdriven - passing data 
12:47:22.655 [main] INFO  testcases.Tc_002_logintestddtdriven - Tc_002_logintest starting
12:47:22.656 [main] INFO  testcases.Tc_002_logintestddtdriven - passing data 
12:47:22.891 [main] INFO  testcases.Tc_002_logintestddtdriven - Tc_002_logintest starting
12:47:22.892 [main] INFO  testcases.Tc_002_logintestddtdriven - passing data 
12:47:23.120 [main] INFO  testcases.Tc_002_logintestddtdriven - Tc_002_logintest starting
12:47:23.121 [main] INFO  testcases.Tc_002_logintestddtdriven - passing data 
12:48:08.412 [main] INFO  testcases.Tc_002_logintestddtdriven - Tc_002_logintest starting
12:48:08.470 [main] INFO  testcases.Tc_002_logintestddtdriven - passing data 
12:48:08.840 [main] INFO  testcases.Tc_002_logintestddtdriven - Tc_002_logintest starting
12:48:08.841 [main] INFO  testcases.Tc_002_logintestddtdriven - passing data 
12:48:09.109 [main] INFO  testcases.Tc_002_logintestddtdriven - Tc_002_logintest starting
12:48:09.111 [main] INFO  testcases.Tc_002_logintestddtdriven - passing data 
12:48:09.340 [main] INFO  testcases.Tc_002_logintestddtdriven - Tc_002_logintest starting
12:48:09.341 [main] INFO  testcases.Tc_002_logintestddtdriven - passing data 
12:48:09.573 [main] INFO  testcases.Tc_002_logintestddtdriven - Tc_002_logintest starting
12:48:09.574 [main] INFO  testcases.Tc_002_logintestddtdriven - passing data 
12:50:53.295 [main] INFO  testcases.Tc_002_logintestddtdriven - Tc_002_logintest starting
12:50:53.358 [main] INFO  testcases.Tc_002_logintestddtdriven - passing data 
12:50:53.700 [main] INFO  testcases.Tc_002_logintestddtdriven - Tc_002_logintest starting
12:50:53.702 [main] INFO  testcases.Tc_002_logintestddtdriven - passing data 
12:50:53.926 [main] INFO  testcases.Tc_002_logintestddtdriven - Tc_002_logintest starting
12:50:53.927 [main] INFO  testcases.Tc_002_logintestddtdriven - passing data 
12:50:54.181 [main] INFO  testcases.Tc_002_logintestddtdriven - Tc_002_logintest starting
12:50:54.182 [main] INFO  testcases.Tc_002_logintestddtdriven - passing data 
12:50:54.423 [main] INFO  testcases.Tc_002_logintestddtdriven - Tc_002_logintest starting
12:50:54.424 [main] INFO  testcases.Tc_002_logintestddtdriven - passing data 
12:53:06.936 [main] INFO  testcases.Tc_002_logintestddtdriven - Tc_002_logintest starting
12:53:06.995 [main] INFO  testcases.Tc_002_logintestddtdriven - passing data 
12:53:07.346 [main] INFO  testcases.Tc_002_logintestddtdriven - Tc_002_logintest starting
12:53:07.348 [main] INFO  testcases.Tc_002_logintestddtdriven - passing data 
12:53:07.613 [main] INFO  testcases.Tc_002_logintestddtdriven - Tc_002_logintest starting
12:53:07.614 [main] INFO  testcases.Tc_002_logintestddtdriven - passing data 
12:53:07.875 [main] INFO  testcases.Tc_002_logintestddtdriven - Tc_002_logintest starting
12:53:07.875 [main] INFO  testcases.Tc_002_logintestddtdriven - passing data 
12:53:08.114 [main] INFO  testcases.Tc_002_logintestddtdriven - Tc_002_logintest starting
12:53:08.115 [main] INFO  testcases.Tc_002_logintestddtdriven - passing data 
12:54:52.808 [main] INFO  testcases.Tc_002_logintestddtdriven - Tc_002_logintest starting
12:54:52.884 [main] INFO  testcases.Tc_002_logintestddtdriven - passing data 
12:54:53.260 [main] INFO  testcases.Tc_002_logintestddtdriven - Tc_002_logintest starting
12:54:53.261 [main] INFO  testcases.Tc_002_logintestddtdriven - passing data 
12:54:53.489 [main] INFO  testcases.Tc_002_logintestddtdriven - Tc_002_logintest starting
12:54:53.491 [main] INFO  testcases.Tc_002_logintestddtdriven - passing data 
12:54:53.732 [main] INFO  testcases.Tc_002_logintestddtdriven - Tc_002_logintest starting
12:54:53.733 [main] INFO  testcases.Tc_002_logintestddtdriven - passing data 
12:54:53.965 [main] INFO  testcases.Tc_002_logintestddtdriven - Tc_002_logintest starting
12:54:53.967 [main] INFO  testcases.Tc_002_logintestddtdriven - passing data 
12:59:44.548 [main] INFO  testcases.Tc_002_logintestddtdriven - Tc_002_logintest starting
12:59:44.613 [main] INFO  testcases.Tc_002_logintestddtdriven - passing data 
12:59:44.985 [main] INFO  testcases.Tc_002_logintestddtdriven - Tc_002_logintest starting
12:59:44.986 [main] INFO  testcases.Tc_002_logintestddtdriven - passing data 
12:59:45.253 [main] INFO  testcases.Tc_002_logintestddtdriven - Tc_002_logintest starting
12:59:45.255 [main] INFO  testcases.Tc_002_logintestddtdriven - passing data 
12:59:45.521 [main] INFO  testcases.Tc_002_logintestddtdriven - Tc_002_logintest starting
12:59:45.523 [main] INFO  testcases.Tc_002_logintestddtdriven - passing data 
12:59:45.785 [main] INFO  testcases.Tc_002_logintestddtdriven - Tc_002_logintest starting
12:59:45.786 [main] INFO  testcases.Tc_002_logintestddtdriven - passing data 
13:02:39.958 [main] INFO  testcases.Tc_002_logintestddtdriven - Tc_002_logintest starting
13:02:40.036 [main] INFO  testcases.Tc_002_logintestddtdriven - passing data 
13:02:40.375 [main] INFO  testcases.Tc_002_logintestddtdriven - Tc_002_logintest starting
13:02:40.375 [main] INFO  testcases.Tc_002_logintestddtdriven - passing data 
13:02:40.620 [main] INFO  testcases.Tc_002_logintestddtdriven - Tc_002_logintest starting
13:02:40.620 [main] INFO  testcases.Tc_002_logintestddtdriven - passing data 
13:02:40.871 [main] INFO  testcases.Tc_002_logintestddtdriven - Tc_002_logintest starting
13:02:40.871 [main] INFO  testcases.Tc_002_logintestddtdriven - passing data 
13:02:41.118 [main] INFO  testcases.Tc_002_logintestddtdriven - Tc_002_logintest starting
13:02:41.118 [main] INFO  testcases.Tc_002_logintestddtdriven - passing data 
13:03:53.666 [main] INFO  testcases.Tc_002_logintestddtdriven - Tc_002_logintest starting
13:03:53.725 [main] INFO  testcases.Tc_002_logintestddtdriven - passing data 
13:03:54.223 [main] INFO  testcases.Tc_002_logintestddtdriven - clicked to login butn
13:03:54.251 [main] INFO  testcases.Tc_002_logintestddtdriven - Tc_002_logintest starting
13:03:54.253 [main] INFO  testcases.Tc_002_logintestddtdriven - passing data 
13:03:54.733 [main] INFO  testcases.Tc_002_logintestddtdriven - Tc_002_logintest starting
13:03:54.734 [main] INFO  testcases.Tc_002_logintestddtdriven - passing data 
13:03:55.138 [main] INFO  testcases.Tc_002_logintestddtdriven - Tc_002_logintest starting
13:03:55.140 [main] INFO  testcases.Tc_002_logintestddtdriven - passing data 
13:03:55.509 [main] INFO  testcases.Tc_002_logintestddtdriven - Tc_002_logintest starting
13:03:55.510 [main] INFO  testcases.Tc_002_logintestddtdriven - passing data 
13:06:37.793 [main] INFO  testcases.Tc_002_logintestddtdriven - Tc_002_logintest starting
13:06:37.886 [main] INFO  testcases.Tc_002_logintestddtdriven - passing data 
13:06:38.411 [main] INFO  testcases.Tc_002_logintestddtdriven - clicked to login butn
13:06:38.443 [main] INFO  testcases.Tc_002_logintestddtdriven - Tc_002_logintest starting
13:06:38.444 [main] INFO  testcases.Tc_002_logintestddtdriven - passing data 
13:06:38.937 [main] INFO  testcases.Tc_002_logintestddtdriven - Tc_002_logintest starting
13:06:38.939 [main] INFO  testcases.Tc_002_logintestddtdriven - passing data 
13:06:39.350 [main] INFO  testcases.Tc_002_logintestddtdriven - Tc_002_logintest starting
13:06:39.351 [main] INFO  testcases.Tc_002_logintestddtdriven - passing data 
13:06:39.768 [main] INFO  testcases.Tc_002_logintestddtdriven - Tc_002_logintest starting
13:06:39.769 [main] INFO  testcases.Tc_002_logintestddtdriven - passing data 
13:06:40.208 [main] INFO  testcases.Tc_002_logintestddtdriven - clicked to login butn
13:08:12.394 [main] INFO  testcases.Tc_002_logintestddtdriven - Tc_002_logintest starting
13:08:12.476 [main] INFO  testcases.Tc_002_logintestddtdriven - passing data 
13:08:13.004 [main] INFO  testcases.Tc_002_logintestddtdriven - clicked to login butn
13:08:13.029 [main] INFO  testcases.Tc_002_logintestddtdriven - Tc_002_logintest starting
13:08:13.031 [main] INFO  testcases.Tc_002_logintestddtdriven - passing data 
13:08:13.509 [main] INFO  testcases.Tc_002_logintestddtdriven - Tc_002_logintest starting
13:08:13.514 [main] INFO  testcases.Tc_002_logintestddtdriven - passing data 
13:08:13.926 [main] INFO  testcases.Tc_002_logintestddtdriven - Tc_002_logintest starting
13:08:13.927 [main] INFO  testcases.Tc_002_logintestddtdriven - passing data 
13:08:14.344 [main] INFO  testcases.Tc_002_logintestddtdriven - clicked to login butn
13:08:14.350 [main] INFO  testcases.Tc_002_logintestddtdriven - Tc_002_logintest starting
13:08:14.352 [main] INFO  testcases.Tc_002_logintestddtdriven - passing data 
13:10:35.366 [main] INFO  testcases.Tc_002_logintestddtdriven - Tc_002_logintest starting
13:10:35.430 [main] INFO  testcases.Tc_002_logintestddtdriven - passing data 
13:10:36.040 [main] INFO  testcases.Tc_002_logintestddtdriven - clicked to login butn
13:10:45.242 [main] INFO  testcases.Tc_002_logintestddtdriven - Tc_002_logintest starting
13:10:45.242 [main] INFO  testcases.Tc_002_logintestddtdriven - passing data 
13:10:46.887 [main] INFO  testcases.Tc_002_logintestddtdriven - clicked to login butn
13:10:46.896 [main] INFO  testcases.Tc_002_logintestddtdriven - Tc_002_logintest starting
13:10:46.896 [main] INFO  testcases.Tc_002_logintestddtdriven - passing data 
13:10:47.349 [main] INFO  testcases.Tc_002_logintestddtdriven - Tc_002_logintest starting
13:10:47.351 [main] INFO  testcases.Tc_002_logintestddtdriven - passing data 
13:10:47.736 [main] INFO  testcases.Tc_002_logintestddtdriven - Tc_002_logintest starting
13:10:47.736 [main] INFO  testcases.Tc_002_logintestddtdriven - passing data 
13:10:48.037 [main] INFO  testcases.Tc_002_logintestddtdriven - clicked to login butn
13:12:16.521 [main] INFO  testcases.Tc_002_logintestddtdriven - Tc_002_logintest starting
13:12:16.591 [main] INFO  testcases.Tc_002_logintestddtdriven - passing data 
13:12:17.143 [main] INFO  testcases.Tc_002_logintestddtdriven - clicked to login butn
13:12:27.978 [main] INFO  testcases.Tc_002_logintestddtdriven - Tc_002_logintest starting
13:12:27.978 [main] INFO  testcases.Tc_002_logintestddtdriven - passing data 
13:12:29.502 [main] INFO  testcases.Tc_002_logintestddtdriven - clicked to login butn
13:12:29.510 [main] INFO  testcases.Tc_002_logintestddtdriven - Tc_002_logintest starting
13:12:29.510 [main] INFO  testcases.Tc_002_logintestddtdriven - passing data 
13:12:29.999 [main] INFO  testcases.Tc_002_logintestddtdriven - Tc_002_logintest starting
13:12:30.001 [main] INFO  testcases.Tc_002_logintestddtdriven - passing data 
13:12:30.378 [main] INFO  testcases.Tc_002_logintestddtdriven - Tc_002_logintest starting
13:12:30.378 [main] INFO  testcases.Tc_002_logintestddtdriven - passing data 
13:14:55.010 [main] INFO  testcases.Tc_002_logintestddtdriven - Tc_002_logintest starting
13:14:55.083 [main] INFO  testcases.Tc_002_logintestddtdriven - passing data 
13:14:55.611 [main] INFO  testcases.Tc_002_logintestddtdriven - clicked to login butn
13:14:55.633 [main] INFO  testcases.Tc_002_logintestddtdriven - Tc_002_logintest starting
13:14:55.634 [main] INFO  testcases.Tc_002_logintestddtdriven - passing data 
13:14:56.176 [main] INFO  testcases.Tc_002_logintestddtdriven - Tc_002_logintest starting
13:14:56.178 [main] INFO  testcases.Tc_002_logintestddtdriven - passing data 
13:15:10.494 [main] INFO  testcases.Tc_002_logintestddtdriven - Tc_002_logintest starting
13:15:10.495 [main] INFO  testcases.Tc_002_logintestddtdriven - passing data 
13:15:20.888 [main] INFO  testcases.Tc_002_logintestddtdriven - Tc_002_logintest starting
13:15:20.888 [main] INFO  testcases.Tc_002_logintestddtdriven - passing data 
13:16:18.629 [main] INFO  testcases.Tc_002_logintestddtdriven - Tc_002_logintest starting
13:16:18.697 [main] INFO  testcases.Tc_002_logintestddtdriven - passing data 
13:16:19.268 [main] INFO  testcases.Tc_002_logintestddtdriven - clicked to login butn
13:16:19.294 [main] INFO  testcases.Tc_002_logintestddtdriven - Tc_002_logintest starting
13:16:19.295 [main] INFO  testcases.Tc_002_logintestddtdriven - passing data 
13:16:19.803 [main] INFO  testcases.Tc_002_logintestddtdriven - Tc_002_logintest starting
13:16:19.803 [main] INFO  testcases.Tc_002_logintestddtdriven - passing data 
13:16:34.546 [main] INFO  testcases.Tc_002_logintestddtdriven - Tc_002_logintest starting
13:16:34.549 [main] INFO  testcases.Tc_002_logintestddtdriven - passing data 
13:16:44.974 [main] INFO  testcases.Tc_002_logintestddtdriven - Tc_002_logintest starting
13:16:44.974 [main] INFO  testcases.Tc_002_logintestddtdriven - passing data 
13:17:51.465 [main] INFO  testcases.Tc_002_logintestddtdriven - Tc_002_logintest starting
13:17:51.527 [main] INFO  testcases.Tc_002_logintestddtdriven - passing data 
13:17:51.993 [main] INFO  testcases.Tc_002_logintestddtdriven - clicked to login butn
13:17:52.018 [main] INFO  testcases.Tc_002_logintestddtdriven - Tc_002_logintest starting
13:17:52.019 [main] INFO  testcases.Tc_002_logintestddtdriven - passing data 
13:17:52.464 [main] INFO  testcases.Tc_002_logintestddtdriven - Tc_002_logintest starting
13:17:52.467 [main] INFO  testcases.Tc_002_logintestddtdriven - passing data 
13:18:06.916 [main] INFO  testcases.Tc_002_logintestddtdriven - Tc_002_logintest starting
13:18:06.917 [main] INFO  testcases.Tc_002_logintestddtdriven - passing data 
13:18:17.298 [main] INFO  testcases.Tc_002_logintestddtdriven - Tc_002_logintest starting
13:18:17.300 [main] INFO  testcases.Tc_002_logintestddtdriven - passing data 
13:23:17.001 [main] INFO  testcases.Tc_002_logintestddtdriven - Tc_002_logintest starting
13:23:17.056 [main] INFO  testcases.Tc_002_logintestddtdriven - passing data 
13:23:17.510 [main] INFO  testcases.Tc_002_logintestddtdriven - clicked to login butn
13:23:27.847 [main] INFO  testcases.Tc_002_logintestddtdriven - Tc_002_logintest starting
13:23:27.847 [main] INFO  testcases.Tc_002_logintestddtdriven - passing data 
13:23:28.205 [main] INFO  testcases.Tc_002_logintestddtdriven - clicked to login butn
13:27:49.176 [main] INFO  testcases.Tc_002_logintestddtdriven - Tc_002_logintest starting
13:27:49.251 [main] INFO  testcases.Tc_002_logintestddtdriven - passing data 
13:27:49.685 [main] INFO  testcases.Tc_002_logintestddtdriven - clicked to login butn
13:28:00.054 [main] INFO  testcases.Tc_002_logintestddtdriven - Tc_002_logintest starting
13:28:00.054 [main] INFO  testcases.Tc_002_logintestddtdriven - passing data 
13:28:00.450 [main] INFO  testcases.Tc_002_logintestddtdriven - clicked to login butn
13:31:27.958 [main] INFO  testcases.Tc_002_logintestddtdriven - Tc_002_logintest starting
13:31:28.016 [main] INFO  testcases.Tc_002_logintestddtdriven - passing data 
13:31:28.506 [main] INFO  testcases.Tc_002_logintestddtdriven - clicked to login butn
13:31:41.008 [main] INFO  testcases.Tc_002_logintestddtdriven - Tc_002_logintest starting
13:31:41.014 [main] INFO  testcases.Tc_002_logintestddtdriven - passing data 
13:31:43.982 [main] INFO  testcases.Tc_002_logintestddtdriven - clicked to login butn
13:33:49.301 [main] INFO  testcases.Tc_002_logintestddtdriven - Tc_002_logintest starting
13:33:49.362 [main] INFO  testcases.Tc_002_logintestddtdriven - passing data 
13:33:49.791 [main] INFO  testcases.Tc_002_logintestddtdriven - clicked to login butn
13:33:59.260 [main] INFO  testcases.Tc_002_logintestddtdriven - Tc_002_logintest starting
13:33:59.262 [main] INFO  testcases.Tc_002_logintestddtdriven - passing data 
13:34:00.755 [main] INFO  testcases.Tc_002_logintestddtdriven - clicked to login butn
14:53:34.079 [main] INFO  testcases.Tc_001_logopresence - ***Tc_001_logopresence starting
14:53:34.168 [main] INFO  testcases.Tc_001_logopresence - ***verfied logo present****
14:53:34.168 [main] INFO  testcases.Tc_001_logopresence - Tc_001_logopresence finished
14:54:04.108 [main] INFO  testcases.Tc_002_logintest - Tc_002_logintest starting
14:54:04.109 [main] INFO  testcases.Tc_002_logintest - passing data 
14:54:04.457 [main] INFO  testcases.Tc_002_logintest - clicked to login butn
14:54:15.786 [main] INFO  testcases.Tc_002_logintest - *** verified texts
14:54:15.786 [main] INFO  testcases.Tc_002_logintest - Tc_002_logintest finished
14:54:47.579 [main] INFO  testcases.TC_003_Resetpwdtest - ****TC_003_Resetpwdtest starting
14:54:47.685 [main] INFO  testcases.TC_003_Resetpwdtest - ***clicked to resetbtn
14:54:47.733 [main] INFO  testcases.TC_003_Resetpwdtest - ***verified title***
14:54:47.733 [main] INFO  testcases.TC_003_Resetpwdtest - ***passing value***
14:54:48.590 [main] INFO  testcases.TC_003_Resetpwdtest - clicked to send email btn
14:54:49.678 [main] INFO  testcases.TC_003_Resetpwdtest - ***verified texts***
14:54:49.678 [main] INFO  testcases.TC_003_Resetpwdtest - ****TC_003_Resetpwdtest finihed****
14:55:04.814 [main] INFO  testcases.Tc_002_logintestddtdriven - Tc_002_logintest starting
14:55:04.815 [main] INFO  testcases.Tc_002_logintestddtdriven - passing data 
14:55:05.080 [main] INFO  testcases.Tc_002_logintestddtdriven - clicked to login butn
14:55:19.490 [main] INFO  testcases.Tc_002_logintestddtdriven - Tc_002_logintest starting
14:55:19.490 [main] INFO  testcases.Tc_002_logintestddtdriven - passing data 
14:55:21.326 [main] INFO  testcases.Tc_002_logintestddtdriven - clicked to login butn
15:47:44.280 [main] INFO  testcases.TC_005_Createprojecttes - ****TC_005_Createprojecttes startting***
15:47:44.303 [main] INFO  testcases.TC_005_Createprojecttes - ****passed data****
15:47:44.618 [main] INFO  testcases.TC_005_Createprojecttes - ****clicked to login button***
15:47:51.670 [main] INFO  testcases.TC_005_Createprojecttes - ***clicked to createproject btn***
15:47:51.775 [main] INFO  testcases.TC_005_Createprojecttes - ****passing projectname****
15:47:51.850 [main] INFO  testcases.TC_005_Createprojecttes - ***clicked to next button*****
15:47:51.923 [main] INFO  testcases.TC_005_Createprojecttes - ***clicked to next button*****
15:47:52.016 [main] INFO  testcases.TC_005_Createprojecttes - ***clicked tocreate project button*****
15:47:54.849 [main] INFO  testcases.TC_005_Createprojecttes - ****TC_005_Createprojecttes finished***
15:52:58.568 [main] INFO  testcases.TC_005_Createprojecttes - ****TC_005_Createprojecttes startting***
15:52:58.586 [main] INFO  testcases.TC_005_Createprojecttes - ****passed data****
15:52:59.161 [main] INFO  testcases.TC_005_Createprojecttes - ****clicked to login button***
15:53:06.408 [main] INFO  testcases.TC_005_Createprojecttes - ***clicked to createproject btn***
15:53:06.521 [main] INFO  testcases.TC_005_Createprojecttes - ****passing projectname****
15:53:06.586 [main] INFO  testcases.TC_005_Createprojecttes - ***clicked to next button*****
15:53:06.670 [main] INFO  testcases.TC_005_Createprojecttes - ***clicked to next button*****
15:53:06.758 [main] INFO  testcases.TC_005_Createprojecttes - ***clicked tocreate project button*****
15:53:09.409 [main] INFO  testcases.TC_005_Createprojecttes - ****TC_005_Createprojecttes finished***
16:47:17.354 [main] INFO  testcases.Tc_001_logopresence - ***Tc_001_logopresence starting
16:47:17.460 [main] INFO  testcases.Tc_001_logopresence - ***verfied logo present****
16:47:17.460 [main] INFO  testcases.Tc_001_logopresence - Tc_001_logopresence finished
16:47:34.250 [main] INFO  testcases.Tc_002_logintest - Tc_002_logintest starting
16:47:34.250 [main] INFO  testcases.Tc_002_logintest - passing data 
16:47:34.563 [main] INFO  testcases.Tc_002_logintest - clicked to login butn
16:47:45.806 [main] INFO  testcases.Tc_002_logintest - *** verified texts
16:47:45.806 [main] INFO  testcases.Tc_002_logintest - Tc_002_logintest finished
16:48:00.835 [main] INFO  testcases.TC_003_Resetpwdtest - ****TC_003_Resetpwdtest starting
16:48:00.965 [main] INFO  testcases.TC_003_Resetpwdtest - ***clicked to resetbtn
16:48:01.018 [main] INFO  testcases.TC_003_Resetpwdtest - ***verified title***
16:48:01.018 [main] INFO  testcases.TC_003_Resetpwdtest - ***passing value***
16:48:01.836 [main] INFO  testcases.TC_003_Resetpwdtest - clicked to send email btn
16:48:03.575 [main] INFO  testcases.TC_003_Resetpwdtest - ***verified texts***
16:48:03.575 [main] INFO  testcases.TC_003_Resetpwdtest - ****TC_003_Resetpwdtest finihed****
16:48:20.326 [main] INFO  testcases.Tc_002_logintestddtdriven - Tc_002_logintest starting
16:48:20.327 [main] INFO  testcases.Tc_002_logintestddtdriven - passing data 
16:48:20.548 [main] INFO  testcases.Tc_002_logintestddtdriven - clicked to login butn
16:48:31.183 [main] INFO  testcases.Tc_002_logintestddtdriven - Tc_002_logintest starting
16:48:31.184 [main] INFO  testcases.Tc_002_logintestddtdriven - passing data 
16:48:32.574 [main] INFO  testcases.Tc_002_logintestddtdriven - clicked to login butn
16:48:59.022 [main] INFO  testcases.TC_005_Createprojecttes - ****TC_005_Createprojecttes startting***
16:48:59.023 [main] INFO  testcases.TC_005_Createprojecttes - ****passed data****
16:48:59.321 [main] INFO  testcases.TC_005_Createprojecttes - ****clicked to login button***
16:49:09.397 [main] INFO  testcases.TC_005_Createprojecttes - ***clicked to createproject btn***
16:49:09.518 [main] INFO  testcases.TC_005_Createprojecttes - ****passing projectname****
16:49:09.596 [main] INFO  testcases.TC_005_Createprojecttes - ***clicked to next button*****
16:49:09.656 [main] INFO  testcases.TC_005_Createprojecttes - ***clicked to next button*****
16:49:09.736 [main] INFO  testcases.TC_005_Createprojecttes - ***clicked tocreate project button*****
16:49:12.191 [main] INFO  testcases.TC_005_Createprojecttes - ****TC_005_Createprojecttes finished***
17:00:56.548 [main] INFO  testcases.Tc_001_logopresence - ***Tc_001_logopresence starting
17:00:56.617 [main] INFO  testcases.Tc_001_logopresence - ***verfied logo present****
17:00:56.617 [main] INFO  testcases.Tc_001_logopresence - Tc_001_logopresence finished
17:01:13.040 [main] INFO  testcases.Tc_002_logintest - Tc_002_logintest starting
17:01:13.040 [main] INFO  testcases.Tc_002_logintest - passing data 
17:01:13.467 [main] INFO  testcases.Tc_002_logintest - clicked to login butn
17:02:32.344 [main] INFO  testcases.TC_003_Resetpwdtest - ****TC_003_Resetpwdtest starting
17:02:32.467 [main] INFO  testcases.TC_003_Resetpwdtest - ***clicked to resetbtn
17:02:32.524 [main] INFO  testcases.TC_003_Resetpwdtest - ***verified title***
17:02:32.524 [main] INFO  testcases.TC_003_Resetpwdtest - ***passing value***
17:02:33.350 [main] INFO  testcases.TC_003_Resetpwdtest - clicked to send email btn
17:02:34.841 [main] INFO  testcases.TC_003_Resetpwdtest - ***verified texts***
17:02:34.841 [main] INFO  testcases.TC_003_Resetpwdtest - ****TC_003_Resetpwdtest finihed****
17:02:57.016 [main] INFO  testcases.TC_005_Createprojecttes - ****TC_005_Createprojecttes startting***
17:02:57.017 [main] INFO  testcases.TC_005_Createprojecttes - ****passed data****
17:02:57.357 [main] INFO  testcases.TC_005_Createprojecttes - ****clicked to login button***
17:04:16.597 [main] INFO  testcases.TC_003_Resetpwdtest - ****TC_003_Resetpwdtest starting
17:04:16.714 [main] INFO  testcases.TC_003_Resetpwdtest - ***clicked to resetbtn
17:04:16.770 [main] INFO  testcases.TC_003_Resetpwdtest - ***verified title***
17:04:16.771 [main] INFO  testcases.TC_003_Resetpwdtest - ***passing value***
17:04:17.601 [main] INFO  testcases.TC_003_Resetpwdtest - clicked to send email btn
17:04:18.648 [main] INFO  testcases.TC_003_Resetpwdtest - ***verified texts***
17:04:18.653 [main] INFO  testcases.TC_003_Resetpwdtest - ****TC_003_Resetpwdtest finihed****
17:04:45.091 [main] INFO  testcases.TC_005_Createprojecttes - ****TC_005_Createprojecttes startting***
17:04:45.092 [main] INFO  testcases.TC_005_Createprojecttes - ****passed data****
17:04:45.372 [main] INFO  testcases.TC_005_Createprojecttes - ****clicked to login button***
17:04:52.807 [main] INFO  testcases.TC_005_Createprojecttes - ***clicked to createproject btn***
17:04:52.914 [main] INFO  testcases.TC_005_Createprojecttes - ****passing projectname****
17:04:52.974 [main] INFO  testcases.TC_005_Createprojecttes - ***clicked to next button*****
17:04:53.034 [main] INFO  testcases.TC_005_Createprojecttes - ***clicked to next button*****
17:04:53.102 [main] INFO  testcases.TC_005_Createprojecttes - ***clicked tocreate project button*****
17:04:56.073 [main] INFO  testcases.TC_005_Createprojecttes - ****TC_005_Createprojecttes finished***
17:08:15.835 [main] INFO  testcases.TC_003_Resetpwdtest - ****TC_003_Resetpwdtest starting
17:08:15.963 [main] INFO  testcases.TC_003_Resetpwdtest - ***clicked to resetbtn
17:08:16.021 [main] INFO  testcases.TC_003_Resetpwdtest - ***verified title***
17:08:16.021 [main] INFO  testcases.TC_003_Resetpwdtest - ***passing value***
17:08:16.878 [main] INFO  testcases.TC_003_Resetpwdtest - clicked to send email btn
17:08:19.109 [main] INFO  testcases.TC_003_Resetpwdtest - ***verified texts***
17:08:19.109 [main] INFO  testcases.TC_003_Resetpwdtest - ****TC_003_Resetpwdtest finihed****
17:09:07.894 [main] INFO  testcases.TC_005_Createprojecttes - ****TC_005_Createprojecttes startting***
17:09:07.895 [main] INFO  testcases.TC_005_Createprojecttes - ****passed data****
17:09:08.208 [main] INFO  testcases.TC_005_Createprojecttes - ****clicked to login button***
17:09:20.488 [main] INFO  testcases.TC_005_Createprojecttes - ***clicked to createproject btn***
17:09:20.610 [main] INFO  testcases.TC_005_Createprojecttes - ****passing projectname****
17:09:20.673 [main] INFO  testcases.TC_005_Createprojecttes - ***clicked to next button*****
17:09:20.737 [main] INFO  testcases.TC_005_Createprojecttes - ***clicked to next button*****
17:09:20.832 [main] INFO  testcases.TC_005_Createprojecttes - ***clicked tocreate project button*****
17:09:23.349 [main] INFO  testcases.TC_005_Createprojecttes - ****TC_005_Createprojecttes finished***
11:45:11.851 [main] INFO  testcases.Tc_001_logopresence - ***Tc_001_logopresence starting
11:45:11.929 [main] INFO  testcases.Tc_001_logopresence - ***verfied logo present****
11:45:11.929 [main] INFO  testcases.Tc_001_logopresence - Tc_001_logopresence finished
11:45:26.221 [main] INFO  testcases.Tc_002_logintest - Tc_002_logintest starting
11:45:26.222 [main] INFO  testcases.Tc_002_logintest - passing data 
11:45:26.573 [main] INFO  testcases.Tc_002_logintest - clicked to login butn
11:45:41.818 [main] INFO  testcases.Tc_002_logintest - *** verified texts
11:45:41.818 [main] INFO  testcases.Tc_002_logintest - Tc_002_logintest finished
11:45:53.370 [main] INFO  testcases.TC_003_Resetpwdtest - ****TC_003_Resetpwdtest starting
11:45:53.991 [main] INFO  testcases.TC_003_Resetpwdtest - ***clicked to resetbtn
11:45:54.066 [main] INFO  testcases.TC_003_Resetpwdtest - ***verified title***
11:45:54.067 [main] INFO  testcases.TC_003_Resetpwdtest - ***passing value***
11:45:55.053 [main] INFO  testcases.TC_003_Resetpwdtest - clicked to send email btn
11:45:56.133 [main] INFO  testcases.TC_003_Resetpwdtest - ***verified texts***
11:45:56.134 [main] INFO  testcases.TC_003_Resetpwdtest - ****TC_003_Resetpwdtest finihed****
11:46:11.631 [main] INFO  testcases.Tc_002_logintestddtdriven - Tc_002_logintest starting
11:46:11.632 [main] INFO  testcases.Tc_002_logintestddtdriven - passing data 
11:46:12.207 [main] INFO  testcases.Tc_002_logintestddtdriven - clicked to login butn
11:46:23.837 [main] INFO  testcases.Tc_002_logintestddtdriven - Tc_002_logintest starting
11:46:23.837 [main] INFO  testcases.Tc_002_logintestddtdriven - passing data 
11:46:25.883 [main] INFO  testcases.Tc_002_logintestddtdriven - clicked to login butn
11:46:50.662 [main] INFO  testcases.TC_005_Createprojecttes - ****TC_005_Createprojecttes startting***
11:46:50.663 [main] INFO  testcases.TC_005_Createprojecttes - ****passed data****
11:46:51.242 [main] INFO  testcases.TC_005_Createprojecttes - ****clicked to login button***
11:46:59.182 [main] INFO  testcases.TC_005_Createprojecttes - ***clicked to createproject btn***
11:46:59.341 [main] INFO  testcases.TC_005_Createprojecttes - ****passing projectname****
11:46:59.478 [main] INFO  testcases.TC_005_Createprojecttes - ***clicked to next button*****
11:46:59.591 [main] INFO  testcases.TC_005_Createprojecttes - ***clicked to next button*****
11:46:59.704 [main] INFO  testcases.TC_005_Createprojecttes - ***clicked tocreate project button*****
11:47:02.200 [main] INFO  testcases.TC_005_Createprojecttes - ****TC_005_Createprojecttes finished***
